[debug] [2021-04-25T23:26:43.096Z] ----------------------------------------------------------------------
[debug] [2021-04-25T23:26:43.099Z] Command:       C:\Program Files\nodejs\node.exe C:\Program Files\nodejs\node_modules\firebase-tools\lib\bin\firebase.js deploy
[debug] [2021-04-25T23:26:43.100Z] CLI Version:   9.3.0
[debug] [2021-04-25T23:26:43.100Z] Platform:      win32
[debug] [2021-04-25T23:26:43.100Z] Node Version:  v12.19.0
[debug] [2021-04-25T23:26:43.102Z] Time:          Sun Apr 25 2021 16:26:43 GMT-0700 (GMT-07:00)
[debug] [2021-04-25T23:26:43.102Z] ----------------------------------------------------------------------
[debug] [2021-04-25T23:26:43.102Z] 
[debug] [2021-04-25T23:26:43.113Z] > command requires scopes: ["email","openid","https://www.googleapis.com/auth/cloudplatformprojects.readonly","https://www.googleapis.com/auth/firebase","https://www.googleapis.com/auth/cloud-platform"]
[debug] [2021-04-25T23:26:43.114Z] > authorizing via signed-in user
[debug] [2021-04-25T23:26:43.115Z] [iam] checking project sightseer-2f4cd for permissions ["firebase.projects.get","firebasehosting.sites.update","firebaserules.releases.create","firebaserules.releases.update","firebaserules.rulesets.create"]
[debug] [2021-04-25T23:26:43.119Z] >>> HTTP REQUEST POST https://cloudresourcemanager.googleapis.com/v1/projects/sightseer-2f4cd:testIamPermissions  
 {"permissions":["firebase.projects.get","firebasehosting.sites.update","firebaserules.releases.create","firebaserules.releases.update","firebaserules.rulesets.create"]}
[debug] [2021-04-25T23:26:43.316Z] <<< HTTP RESPONSE 200 {"content-type":"application/json; charset=UTF-8","vary":"X-Origin, Referer, Origin,Accept-Encoding","date":"Sun, 25 Apr 2021 23:26:42 GMT","server":"ESF","cache-control":"private","x-xss-protection":"0","x-frame-options":"SAMEORIGIN","x-content-type-options":"nosniff","server-timing":"gfet4t7; dur=33","alt-svc":"h3-29=\":443\"; ma=2592000,h3-T051=\":443\"; ma=2592000,h3-Q050=\":443\"; ma=2592000,h3-Q046=\":443\"; ma=2592000,h3-Q043=\":443\"; ma=2592000,quic=\":443\"; ma=2592000; v=\"46,43\"","accept-ranges":"none","transfer-encoding":"chunked"}
[debug] [2021-04-25T23:26:43.319Z] > refreshing access token with scopes: []
[debug] [2021-04-25T23:26:43.319Z] >>> HTTP REQUEST POST https://www.googleapis.com/oauth2/v3/token  
 <request body omitted>
[debug] [2021-04-25T23:26:43.474Z] <<< HTTP RESPONSE 200 {"expires":"Mon, 01 Jan 1990 00:00:00 GMT","pragma":"no-cache","cache-control":"no-cache, no-store, max-age=0, must-revalidate","date":"Sun, 25 Apr 2021 23:26:42 GMT","content-type":"application/json; charset=utf-8","vary":"X-Origin, Referer, Origin,Accept-Encoding","server":"scaffolding on HTTPServer2","x-xss-protection":"0","x-frame-options":"SAMEORIGIN","x-content-type-options":"nosniff","alt-svc":"h3-29=\":443\"; ma=2592000,h3-T051=\":443\"; ma=2592000,h3-Q050=\":443\"; ma=2592000,h3-Q046=\":443\"; ma=2592000,h3-Q043=\":443\"; ma=2592000,quic=\":443\"; ma=2592000; v=\"46,43\"","accept-ranges":"none","transfer-encoding":"chunked"}
[debug] [2021-04-25T23:26:43.480Z] >>> [apiv2][query] GET https://firebase.googleapis.com/v1beta1/projects/sightseer-2f4cd [none]
[debug] [2021-04-25T23:26:43.717Z] <<< [apiv2][status] GET https://firebase.googleapis.com/v1beta1/projects/sightseer-2f4cd 200
[debug] [2021-04-25T23:26:43.717Z] <<< [apiv2][body] GET https://firebase.googleapis.com/v1beta1/projects/sightseer-2f4cd {"projectId":"sightseer-2f4cd","projectNumber":"983657816009","displayName":"Sightseer","name":"projects/sightseer-2f4cd","resources":{"hostingSite":"sightseer-2f4cd","realtimeDatabaseInstance":"sightseer-2f4cd-default-rtdb","storageBucket":"sightseer-2f4cd.appspot.com","locationId":"us-central"},"state":"ACTIVE"}
[info] 
[info] === Deploying to 'sightseer-2f4cd'...
[info] 
[info] i  deploying storage, hosting 
[debug] [2021-04-25T23:26:43.720Z] > refreshing access token with scopes: ["email","https://www.googleapis.com/auth/cloud-platform","https://www.googleapis.com/auth/cloudplatformprojects.readonly","https://www.googleapis.com/auth/firebase","openid"]
[debug] [2021-04-25T23:26:43.720Z] >>> HTTP REQUEST POST https://www.googleapis.com/oauth2/v3/token  
 <request body omitted>
[debug] [2021-04-25T23:26:43.836Z] <<< HTTP RESPONSE 200 {"date":"Sun, 25 Apr 2021 23:26:42 GMT","expires":"Mon, 01 Jan 1990 00:00:00 GMT","cache-control":"no-cache, no-store, max-age=0, must-revalidate","pragma":"no-cache","content-type":"application/json; charset=utf-8","vary":"X-Origin, Referer, Origin,Accept-Encoding","server":"scaffolding on HTTPServer2","x-xss-protection":"0","x-frame-options":"SAMEORIGIN","x-content-type-options":"nosniff","alt-svc":"h3-29=\":443\"; ma=2592000,h3-T051=\":443\"; ma=2592000,h3-Q050=\":443\"; ma=2592000,h3-Q046=\":443\"; ma=2592000,h3-Q043=\":443\"; ma=2592000,quic=\":443\"; ma=2592000; v=\"46,43\"","accept-ranges":"none","transfer-encoding":"chunked"}
[debug] [2021-04-25T23:26:43.841Z] >>> HTTP REQUEST GET https://appengine.googleapis.com/v1/apps/sightseer-2f4cd  
 
